Arguments: 
  C:\Users\TOSHIBA\.nvm\versions\node\v18.16.1\bin\node.exe C:\Users\TOSHIBA\.nvm\versions\node\v18.16.1\bin\node_modules\yarn\bin\yarn.js install

PATH: 
  C:\Users\TOSHIBA\.nvm\versions\node\v18.16.1\bin;C:\Users\TOSHIBA\bin;C:\Program Files\Git\mingw64\bin;C:\Program Files\Git\usr\local\bin;C:\Program Files\Git\usr\bin;C:\Program Files\Git\usr\bin;C:\Program Files\Git\cmd;C:\Program Files (x86)\VMware\VMware Player\bin;C:\oracle\db_home\bin;C:\Python311\Scripts;C:\Python311;C:\Program Files\Common Files\Oracle\Java\javapath;C:\WINDOWS\system32;C:\WINDOWS;C:\WINDOWS\System32\Wbem;C:\WINDOWS\System32\WindowsPowerShell\v1.0;C:\WINDOWS\System32\OpenSSH;C:\Program Files\Git\cmd;C:\msys64\mingw64\bin;C:\ProgramData\chocolatey\bin;C:\Program Files\Java\jdk-18.0.2.1\bin;C:\Program Files\nodejs;C:\Program Files\MongoDB\Server\6.0\bin;C:\Program Files\MySQL\MySQL Shell 8.0\bin;C:\Users\TOSHIBA\AppData\Local\Programs\Python\Python310\Scripts;C:\Users\TOSHIBA\AppData\Local\Programs\Python\Python310;C:\Users\TOSHIBA\AppData\Local\Microsoft\WindowsApps;C:\Program Files\JetBrains\PyCharm Community Edition 2021.3\bin;C:\Users\TOSHIBA\AppData\Local\Programs\Microsoft VS Code1\bin;C:\Users\TOSHIBA\AppData\Local\Programs\Hyper\resources\bin;C:\Users\TOSHIBA\AppData\Roaming\npm;C:\Program Files\heroku\bin;C:\Program Files\Git\usr\bin\vendor_perl;C:\Program Files\Git\usr\bin\core_perl

Yarn version: 
  1.22.19

Node version: 
  18.16.1

Platform: 
  win32 x64

Trace: 
  Error: connect ECONNABORTED 2606:4700:83b3:80e2:e43b:249:6810:23:443
      at TCPConnectWrap.afterConnect [as oncomplete] (node:net:1494:16)

npm manifest: 
  {
    "name": "myapp1",
    "version": "1.0.0",
    "main": "node_modules/expo/AppEntry.js",
    "scripts": {
      "start": "expo start",
      "android": "expo start --android",
      "ios": "expo start --ios",
      "web": "expo start --web"
    },
    "dependencies": {
      "expo": "~49.0.13",
      "expo-status-bar": "~1.6.0",
      "react": "18.2.0",
      "react-native": "0.72.5"
    },
    "devDependencies": {
      "@babel/core": "^7.20.0"
    },
    "private": true
  }

yarn manifest: 
  No manifest

Lockfile: 
  No lockfile
